
*** Running vivado
    with args -log Lock.vds -m64 -product Vivado -mode batch -messageDb vivado.pb -notrace -source Lock.tcl


****** Vivado v2017.1 (64-bit)
  **** SW Build 1846317 on Fri Apr 14 18:55:03 MDT 2017
  **** IP Build 1846188 on Fri Apr 14 20:52:08 MDT 2017
    ** Copyright 1986-2017 Xilinx, Inc. All Rights Reserved.

source Lock.tcl -notrace
Command: synth_design -top Lock -part xc7a35tcsg324-3
Starting synth_design
Attempting to get a license for feature 'Synthesis' and/or device 'xc7a35t-csg324'
INFO: [Common 17-349] Got license for feature 'Synthesis' and/or device 'xc7a35t-csg324'
INFO: Launching helper process for spawning children vivado processes
INFO: Helper process launched with PID 11660 
---------------------------------------------------------------------------------
Starting Synthesize : Time (s): cpu = 00:00:03 ; elapsed = 00:00:04 . Memory (MB): peak = 308.086 ; gain = 81.156
---------------------------------------------------------------------------------
INFO: [Synth 8-638] synthesizing module 'Lock' [D:/code/Verilog/ElectricPasswordLock/ElectricPasswordLock.srcs/sources_1/new/Lock.v:23]
INFO: [Synth 8-638] synthesizing module 'Timeoutt' [D:/code/Verilog/ElectricPasswordLock/ElectricPasswordLock.srcs/sources_1/new/Lock.v:175]
WARNING: [Synth 8-85] always block has no event control specified [D:/code/Verilog/ElectricPasswordLock/ElectricPasswordLock.srcs/sources_1/new/Lock.v:186]
INFO: [Synth 8-256] done synthesizing module 'Timeoutt' (1#1) [D:/code/Verilog/ElectricPasswordLock/ElectricPasswordLock.srcs/sources_1/new/Lock.v:175]
WARNING: [Synth 8-567] referenced signal 'times' should be on the sensitivity list [D:/code/Verilog/ElectricPasswordLock/ElectricPasswordLock.srcs/sources_1/new/Lock.v:55]
WARNING: [Synth 8-567] referenced signal 'step' should be on the sensitivity list [D:/code/Verilog/ElectricPasswordLock/ElectricPasswordLock.srcs/sources_1/new/Lock.v:55]
WARNING: [Synth 8-567] referenced signal 'p' should be on the sensitivity list [D:/code/Verilog/ElectricPasswordLock/ElectricPasswordLock.srcs/sources_1/new/Lock.v:55]
INFO: [Synth 8-256] done synthesizing module 'Lock' (2#1) [D:/code/Verilog/ElectricPasswordLock/ElectricPasswordLock.srcs/sources_1/new/Lock.v:23]
---------------------------------------------------------------------------------
Finished Synthesize : Time (s): cpu = 00:00:04 ; elapsed = 00:00:06 . Memory (MB): peak = 348.164 ; gain = 121.234
---------------------------------------------------------------------------------
---------------------------------------------------------------------------------
Finished Constraint Validation : Time (s): cpu = 00:00:04 ; elapsed = 00:00:06 . Memory (MB): peak = 348.164 ; gain = 121.234
---------------------------------------------------------------------------------
---------------------------------------------------------------------------------
Start Loading Part and Timing Information
---------------------------------------------------------------------------------
Loading part: xc7a35tcsg324-3
---------------------------------------------------------------------------------
Finished Loading Part and Timing Information : Time (s): cpu = 00:00:04 ; elapsed = 00:00:06 . Memory (MB): peak = 348.164 ; gain = 121.234
---------------------------------------------------------------------------------
INFO: [Synth 8-5544] ROM "counttime" won't be mapped to Block RAM because address size (3) smaller than threshold (5)
INFO: [Device 21-403] Loading part xc7a35tcsg324-3
INFO: [Synth 8-5546] ROM "p_reg[1]" won't be mapped to RAM because it is too sparse
INFO: [Synth 8-5546] ROM "p_reg[0]" won't be mapped to RAM because it is too sparse
INFO: [Synth 8-5544] ROM "start" won't be mapped to Block RAM because address size (3) smaller than threshold (5)
INFO: [Synth 8-5546] ROM "p_reg[1]" won't be mapped to RAM because it is too sparse
INFO: [Synth 8-5546] ROM "p_reg[0]" won't be mapped to RAM because it is too sparse
INFO: [Synth 8-5544] ROM "start" won't be mapped to Block RAM because address size (3) smaller than threshold (5)
WARNING: [Synth 8-327] inferring latch for variable 'counttime_reg' [D:/code/Verilog/ElectricPasswordLock/ElectricPasswordLock.srcs/sources_1/new/Lock.v:191]
WARNING: [Synth 8-327] inferring latch for variable 'green_reg' [D:/code/Verilog/ElectricPasswordLock/ElectricPasswordLock.srcs/sources_1/new/Lock.v:60]
WARNING: [Synth 8-327] inferring latch for variable 'step_reg' [D:/code/Verilog/ElectricPasswordLock/ElectricPasswordLock.srcs/sources_1/new/Lock.v:66]
WARNING: [Synth 8-327] inferring latch for variable 'times_reg' [D:/code/Verilog/ElectricPasswordLock/ElectricPasswordLock.srcs/sources_1/new/Lock.v:67]
WARNING: [Synth 8-327] inferring latch for variable 'p_reg[0]' [D:/code/Verilog/ElectricPasswordLock/ElectricPasswordLock.srcs/sources_1/new/Lock.v:74]
WARNING: [Synth 8-327] inferring latch for variable 'p_reg[1]' [D:/code/Verilog/ElectricPasswordLock/ElectricPasswordLock.srcs/sources_1/new/Lock.v:74]
WARNING: [Synth 8-327] inferring latch for variable 'has_reg' [D:/code/Verilog/ElectricPasswordLock/ElectricPasswordLock.srcs/sources_1/new/Lock.v:75]
WARNING: [Synth 8-327] inferring latch for variable 'start_reg' [D:/code/Verilog/ElectricPasswordLock/ElectricPasswordLock.srcs/sources_1/new/Lock.v:49]
WARNING: [Synth 8-327] inferring latch for variable 'changing_reg' [D:/code/Verilog/ElectricPasswordLock/ElectricPasswordLock.srcs/sources_1/new/Lock.v:72]
---------------------------------------------------------------------------------
Finished RTL Optimization Phase 2 : Time (s): cpu = 00:00:04 ; elapsed = 00:00:06 . Memory (MB): peak = 348.164 ; gain = 121.234
---------------------------------------------------------------------------------

Report RTL Partitions: 
+-+--------------+------------+----------+
| |RTL Partition |Replication |Instances |
+-+--------------+------------+----------+
+-+--------------+------------+----------+
No constraint files found.
---------------------------------------------------------------------------------
Start RTL Component Statistics 
---------------------------------------------------------------------------------
Detailed RTL Component Info : 
+---Adders : 
	   2 Input      6 Bit       Adders := 1     
	   2 Input      4 Bit       Adders := 1     
	   2 Input      3 Bit       Adders := 2     
+---Registers : 
	                4 Bit    Registers := 1     
+---Muxes : 
	   2 Input      6 Bit        Muxes := 11    
	   2 Input      4 Bit        Muxes := 1     
	   2 Input      3 Bit        Muxes := 29    
	   2 Input      1 Bit        Muxes := 57    
	   3 Input      1 Bit        Muxes := 1     
	   8 Input      1 Bit        Muxes := 2     
---------------------------------------------------------------------------------
Finished RTL Component Statistics 
---------------------------------------------------------------------------------
---------------------------------------------------------------------------------
Start RTL Hierarchical Component Statistics 
---------------------------------------------------------------------------------
Hierarchical RTL Component report 
Module Lock 
Detailed RTL Component Info : 
+---Adders : 
	   2 Input      6 Bit       Adders := 1     
	   2 Input      3 Bit       Adders := 1     
+---Muxes : 
	   2 Input      6 Bit        Muxes := 11    
	   2 Input      3 Bit        Muxes := 26    
	   2 Input      1 Bit        Muxes := 54    
	   8 Input      1 Bit        Muxes := 2     
Module Timeoutt 
Detailed RTL Component Info : 
+---Adders : 
	   2 Input      4 Bit       Adders := 1     
	   2 Input      3 Bit       Adders := 1     
+---Registers : 
	                4 Bit    Registers := 1     
+---Muxes : 
	   2 Input      4 Bit        Muxes := 1     
	   2 Input      3 Bit        Muxes := 3     
	   2 Input      1 Bit        Muxes := 3     
	   3 Input      1 Bit        Muxes := 1     
---------------------------------------------------------------------------------
Finished RTL Hierarchical Component Statistics
---------------------------------------------------------------------------------
---------------------------------------------------------------------------------
Start Part Resource Summary
---------------------------------------------------------------------------------
Part Resources:
DSPs: 90 (col length:60)
BRAMs: 100 (col length: RAMB18 60 RAMB36 30)
---------------------------------------------------------------------------------
Finished Part Resource Summary
---------------------------------------------------------------------------------
No constraint files found.
---------------------------------------------------------------------------------
Start Cross Boundary and Area Optimization
---------------------------------------------------------------------------------
---------------------------------------------------------------------------------
Finished Cross Boundary and Area Optimization : Time (s): cpu = 00:00:08 ; elapsed = 00:00:13 . Memory (MB): peak = 486.621 ; gain = 259.691
---------------------------------------------------------------------------------

Report RTL Partitions: 
+-+--------------+------------+----------+
| |RTL Partition |Replication |Instances |
+-+--------------+------------+----------+
+-+--------------+------------+----------+
No constraint files found.
---------------------------------------------------------------------------------
Start Timing Optimization
---------------------------------------------------------------------------------
---------------------------------------------------------------------------------
Finished Timing Optimization : Time (s): cpu = 00:00:08 ; elapsed = 00:00:13 . Memory (MB): peak = 486.621 ; gain = 259.691
---------------------------------------------------------------------------------

Report RTL Partitions: 
+-+--------------+------------+----------+
| |RTL Partition |Replication |Instances |
+-+--------------+------------+----------+
+-+--------------+------------+----------+
---------------------------------------------------------------------------------
Start Technology Mapping
---------------------------------------------------------------------------------
WARNING: [Synth 8-3332] Sequential element (timer/counttime_reg[2]) is unused and will be removed from module Lock.
WARNING: [Synth 8-3332] Sequential element (timer/counttime_reg[1]) is unused and will be removed from module Lock.
WARNING: [Synth 8-3332] Sequential element (timer/counttime_reg[0]) is unused and will be removed from module Lock.
WARNING: [Synth 8-3332] Sequential element (timer/cur_reg[3]) is unused and will be removed from module Lock.
WARNING: [Synth 8-3332] Sequential element (timer/cur_reg[2]) is unused and will be removed from module Lock.
WARNING: [Synth 8-3332] Sequential element (timer/cur_reg[1]) is unused and will be removed from module Lock.
WARNING: [Synth 8-3332] Sequential element (timer/cur_reg[0]) is unused and will be removed from module Lock.
---------------------------------------------------------------------------------
Finished Technology Mapping : Time (s): cpu = 00:00:08 ; elapsed = 00:00:13 . Memory (MB): peak = 486.871 ; gain = 259.941
---------------------------------------------------------------------------------

Report RTL Partitions: 
+-+--------------+------------+----------+
| |RTL Partition |Replication |Instances |
+-+--------------+------------+----------+
+-+--------------+------------+----------+
---------------------------------------------------------------------------------
Start IO Insertion
---------------------------------------------------------------------------------
---------------------------------------------------------------------------------
Start Flattening Before IO Insertion
---------------------------------------------------------------------------------
---------------------------------------------------------------------------------
Finished Flattening Before IO Insertion
---------------------------------------------------------------------------------
---------------------------------------------------------------------------------
Start Final Netlist Cleanup
---------------------------------------------------------------------------------
---------------------------------------------------------------------------------
Finished Final Netlist Cleanup
---------------------------------------------------------------------------------
---------------------------------------------------------------------------------
Finished IO Insertion : Time (s): cpu = 00:00:09 ; elapsed = 00:00:13 . Memory (MB): peak = 486.871 ; gain = 259.941
---------------------------------------------------------------------------------

Report Check Netlist: 
+------+------------------+-------+---------+-------+------------------+
|      |Item              |Errors |Warnings |Status |Description       |
+------+------------------+-------+---------+-------+------------------+
|1     |multi_driven_nets |      0|        0|Passed |Multi driven nets |
+------+------------------+-------+---------+-------+------------------+
---------------------------------------------------------------------------------
Start Renaming Generated Instances
---------------------------------------------------------------------------------
---------------------------------------------------------------------------------
Finished Renaming Generated Instances : Time (s): cpu = 00:00:09 ; elapsed = 00:00:13 . Memory (MB): peak = 486.871 ; gain = 259.941
---------------------------------------------------------------------------------

Report RTL Partitions: 
+-+--------------+------------+----------+
| |RTL Partition |Replication |Instances |
+-+--------------+------------+----------+
+-+--------------+------------+----------+
---------------------------------------------------------------------------------
Start Rebuilding User Hierarchy
---------------------------------------------------------------------------------
---------------------------------------------------------------------------------
Finished Rebuilding User Hierarchy : Time (s): cpu = 00:00:09 ; elapsed = 00:00:13 . Memory (MB): peak = 486.871 ; gain = 259.941
---------------------------------------------------------------------------------
---------------------------------------------------------------------------------
Start Renaming Generated Ports
---------------------------------------------------------------------------------
---------------------------------------------------------------------------------
Finished Renaming Generated Ports : Time (s): cpu = 00:00:09 ; elapsed = 00:00:13 . Memory (MB): peak = 486.871 ; gain = 259.941
---------------------------------------------------------------------------------
---------------------------------------------------------------------------------
Start Handling Custom Attributes
---------------------------------------------------------------------------------
---------------------------------------------------------------------------------
Finished Handling Custom Attributes : Time (s): cpu = 00:00:09 ; elapsed = 00:00:13 . Memory (MB): peak = 486.871 ; gain = 259.941
---------------------------------------------------------------------------------
---------------------------------------------------------------------------------
Start Renaming Generated Nets
---------------------------------------------------------------------------------
---------------------------------------------------------------------------------
Finished Renaming Generated Nets : Time (s): cpu = 00:00:09 ; elapsed = 00:00:13 . Memory (MB): peak = 486.871 ; gain = 259.941
---------------------------------------------------------------------------------
---------------------------------------------------------------------------------
Start Writing Synthesis Report
---------------------------------------------------------------------------------

Report BlackBoxes: 
+-+--------------+----------+
| |BlackBox name |Instances |
+-+--------------+----------+
+-+--------------+----------+

Report Cell Usage: 
+------+-----+------+
|      |Cell |Count |
+------+-----+------+
|1     |LUT1 |     1|
|2     |LUT2 |     9|
|3     |LUT3 |    10|
|4     |LUT4 |    13|
|5     |LUT5 |    20|
|6     |LUT6 |    36|
|7     |LD   |    15|
|8     |LDC  |    10|
|9     |LDP  |     1|
|10    |IBUF |     8|
|11    |OBUF |     2|
+------+-----+------+

Report Instance Areas: 
+------+---------+-------+------+
|      |Instance |Module |Cells |
+------+---------+-------+------+
|1     |top      |       |   125|
+------+---------+-------+------+
---------------------------------------------------------------------------------
Finished Writing Synthesis Report : Time (s): cpu = 00:00:09 ; elapsed = 00:00:13 . Memory (MB): peak = 486.871 ; gain = 259.941
---------------------------------------------------------------------------------
Synthesis finished with 0 errors, 0 critical warnings and 20 warnings.
Synthesis Optimization Runtime : Time (s): cpu = 00:00:09 ; elapsed = 00:00:13 . Memory (MB): peak = 486.871 ; gain = 259.941
Synthesis Optimization Complete : Time (s): cpu = 00:00:09 ; elapsed = 00:00:13 . Memory (MB): peak = 486.871 ; gain = 259.941
INFO: [Project 1-571] Translating synthesized netlist
INFO: [Netlist 29-17] Analyzing 34 Unisim elements for replacement
INFO: [Netlist 29-28] Unisim Transformation completed in 0 CPU seconds
INFO: [Project 1-570] Preparing netlist for logic optimization
INFO: [Opt 31-138] Pushed 0 inverter(s) to 0 load pin(s).
INFO: [Project 1-111] Unisim Transformation Summary:
  A total of 26 instances were transformed.
  LD => LDCE: 15 instances
  LDC => LDCE: 10 instances
  LDP => LDPE: 1 instances

19 Infos, 20 Warnings, 0 Critical Warnings and 0 Errors encountered.
synth_design completed successfully
synth_design: Time (s): cpu = 00:00:13 ; elapsed = 00:00:21 . Memory (MB): peak = 558.395 ; gain = 336.051
INFO: [Common 17-1381] The checkpoint 'D:/code/Verilog/ElectricPasswordLock/ElectricPasswordLock.runs/synth_1/Lock.dcp' has been generated.
report_utilization: Time (s): cpu = 00:00:00 ; elapsed = 00:00:00.167 . Memory (MB): peak = 558.395 ; gain = 0.000
INFO: [Common 17-206] Exiting Vivado at Tue Jun 20 15:14:59 2017...

*** Running vivado
    with args -log Lock.vds -m64 -product Vivado -mode batch -messageDb vivado.pb -notrace -source Lock.tcl


****** Vivado v2017.1 (64-bit)
  **** SW Build 1846317 on Fri Apr 14 18:55:03 MDT 2017
  **** IP Build 1846188 on Fri Apr 14 20:52:08 MDT 2017
    ** Copyright 1986-2017 Xilinx, Inc. All Rights Reserved.

source Lock.tcl -notrace
Command: synth_design -top Lock -part xc7a35tcsg324-3
Starting synth_design
Attempting to get a license for feature 'Synthesis' and/or device 'xc7a35t-csg324'
INFO: [Common 17-349] Got license for feature 'Synthesis' and/or device 'xc7a35t-csg324'
INFO: Launching helper process for spawning children vivado processes
INFO: Helper process launched with PID 11244 
---------------------------------------------------------------------------------
Starting RTL Elaboration : Time (s): cpu = 00:00:06 ; elapsed = 00:00:06 . Memory (MB): peak = 306.219 ; gain = 80.047
---------------------------------------------------------------------------------
INFO: [Synth 8-638] synthesizing module 'Lock' [D:/lalala/ElectricPasswordLock/ElectricPasswordLock.srcs/sources_1/new/Lock.v:88]
WARNING: [Synth 8-311] ignoring non-constant assignment in initial block [D:/lalala/ElectricPasswordLock/ElectricPasswordLock.srcs/sources_1/new/Lock.v:121]
WARNING: [Synth 8-85] always block has no event control specified [D:/lalala/ElectricPasswordLock/ElectricPasswordLock.srcs/sources_1/new/Lock.v:127]
INFO: [Synth 8-638] synthesizing module 'display' [D:/lalala/ElectricPasswordLock/ElectricPasswordLock.srcs/sources_1/new/Lock.v:51]
INFO: [Synth 8-638] synthesizing module 'translator' [D:/lalala/ElectricPasswordLock/ElectricPasswordLock.srcs/sources_1/new/Lock.v:22]
INFO: [Synth 8-256] done synthesizing module 'translator' (1#1) [D:/lalala/ElectricPasswordLock/ElectricPasswordLock.srcs/sources_1/new/Lock.v:22]
INFO: [Synth 8-256] done synthesizing module 'display' (2#1) [D:/lalala/ElectricPasswordLock/ElectricPasswordLock.srcs/sources_1/new/Lock.v:51]
WARNING: [Synth 8-689] width (32) of port connection 'number0' does not match port width (8) of module 'display' [D:/lalala/ElectricPasswordLock/ElectricPasswordLock.srcs/sources_1/new/Lock.v:132]
WARNING: [Synth 8-689] width (32) of port connection 'number6' does not match port width (8) of module 'display' [D:/lalala/ElectricPasswordLock/ElectricPasswordLock.srcs/sources_1/new/Lock.v:134]
WARNING: [Synth 8-689] width (32) of port connection 'number7' does not match port width (8) of module 'display' [D:/lalala/ElectricPasswordLock/ElectricPasswordLock.srcs/sources_1/new/Lock.v:135]
INFO: [Synth 8-256] done synthesizing module 'Lock' (3#1) [D:/lalala/ElectricPasswordLock/ElectricPasswordLock.srcs/sources_1/new/Lock.v:88]
WARNING: [Synth 8-3331] design display has unconnected port number0[7]
WARNING: [Synth 8-3331] design display has unconnected port number0[6]
WARNING: [Synth 8-3331] design display has unconnected port number0[5]
WARNING: [Synth 8-3331] design display has unconnected port number0[4]
WARNING: [Synth 8-3331] design display has unconnected port number1[7]
WARNING: [Synth 8-3331] design display has unconnected port number1[6]
WARNING: [Synth 8-3331] design display has unconnected port number1[5]
WARNING: [Synth 8-3331] design display has unconnected port number1[4]
WARNING: [Synth 8-3331] design display has unconnected port number2[7]
WARNING: [Synth 8-3331] design display has unconnected port number2[6]
WARNING: [Synth 8-3331] design display has unconnected port number2[5]
WARNING: [Synth 8-3331] design display has unconnected port number2[4]
WARNING: [Synth 8-3331] design display has unconnected port number3[7]
WARNING: [Synth 8-3331] design display has unconnected port number3[6]
WARNING: [Synth 8-3331] design display has unconnected port number3[5]
WARNING: [Synth 8-3331] design display has unconnected port number3[4]
WARNING: [Synth 8-3331] design display has unconnected port number4[7]
WARNING: [Synth 8-3331] design display has unconnected port number4[6]
WARNING: [Synth 8-3331] design display has unconnected port number4[5]
WARNING: [Synth 8-3331] design display has unconnected port number4[4]
WARNING: [Synth 8-3331] design display has unconnected port number5[7]
WARNING: [Synth 8-3331] design display has unconnected port number5[6]
WARNING: [Synth 8-3331] design display has unconnected port number5[5]
WARNING: [Synth 8-3331] design display has unconnected port number5[4]
WARNING: [Synth 8-3331] design display has unconnected port number6[7]
WARNING: [Synth 8-3331] design display has unconnected port number6[6]
WARNING: [Synth 8-3331] design display has unconnected port number6[5]
WARNING: [Synth 8-3331] design display has unconnected port number6[4]
WARNING: [Synth 8-3331] design display has unconnected port number7[7]
WARNING: [Synth 8-3331] design display has unconnected port number7[6]
WARNING: [Synth 8-3331] design display has unconnected port number7[5]
WARNING: [Synth 8-3331] design display has unconnected port number7[4]
---------------------------------------------------------------------------------
Finished RTL Elaboration : Time (s): cpu = 00:00:07 ; elapsed = 00:00:08 . Memory (MB): peak = 346.297 ; gain = 120.125
---------------------------------------------------------------------------------

Report Check Netlist: 
+------+------------------+-------+---------+-------+------------------+
|      |Item              |Errors |Warnings |Status |Description       |
+------+------------------+-------+---------+-------+------------------+
|1     |multi_driven_nets |      0|        0|Passed |Multi driven nets |
+------+------------------+-------+---------+-------+------------------+
---------------------------------------------------------------------------------
Finished RTL Optimization Phase 1 : Time (s): cpu = 00:00:08 ; elapsed = 00:00:08 . Memory (MB): peak = 346.297 ; gain = 120.125
---------------------------------------------------------------------------------
INFO: [Device 21-403] Loading part xc7a35tcsg324-3
INFO: [Project 1-570] Preparing netlist for logic optimization

Processing XDC Constraints
Initializing timing engine
Parsing XDC File [D:/lalala/ElectricPasswordLock/ElectricPasswordLock.srcs/constrs_1/new/c.xdc]
Finished Parsing XDC File [D:/lalala/ElectricPasswordLock/ElectricPasswordLock.srcs/constrs_1/new/c.xdc]
Completed Processing XDC Constraints

INFO: [Project 1-111] Unisim Transformation Summary:
No Unisim elements were transformed.

Constraint Validation Runtime : Time (s): cpu = 00:00:00 ; elapsed = 00:00:00.007 . Memory (MB): peak = 640.434 ; gain = 0.000
---------------------------------------------------------------------------------
Finished Constraint Validation : Time (s): cpu = 00:00:21 ; elapsed = 00:00:22 . Memory (MB): peak = 640.434 ; gain = 414.262
---------------------------------------------------------------------------------
---------------------------------------------------------------------------------
Start Loading Part and Timing Information
---------------------------------------------------------------------------------
Loading part: xc7a35tcsg324-3
---------------------------------------------------------------------------------
Finished Loading Part and Timing Information : Time (s): cpu = 00:00:21 ; elapsed = 00:00:22 . Memory (MB): peak = 640.434 ; gain = 414.262
---------------------------------------------------------------------------------
---------------------------------------------------------------------------------
Start Applying 'set_property' XDC Constraints
---------------------------------------------------------------------------------
---------------------------------------------------------------------------------
Finished applying 'set_property' XDC Constraints : Time (s): cpu = 00:00:21 ; elapsed = 00:00:22 . Memory (MB): peak = 640.434 ; gain = 414.262
---------------------------------------------------------------------------------
INFO: [Synth 8-5544] ROM "step" won't be mapped to Block RAM because address size (3) smaller than threshold (5)
INFO: [Synth 8-5544] ROM "step" won't be mapped to Block RAM because address size (3) smaller than threshold (5)
INFO: [Synth 8-5544] ROM "step" won't be mapped to Block RAM because address size (3) smaller than threshold (5)
INFO: [Synth 8-5544] ROM "step" won't be mapped to Block RAM because address size (3) smaller than threshold (5)
INFO: [Synth 8-5544] ROM "step" won't be mapped to Block RAM because address size (3) smaller than threshold (5)
INFO: [Synth 8-5544] ROM "step" won't be mapped to Block RAM because address size (3) smaller than threshold (5)
INFO: [Synth 8-5544] ROM "step" won't be mapped to Block RAM because address size (3) smaller than threshold (5)
INFO: [Synth 8-5544] ROM "step" won't be mapped to Block RAM because address size (3) smaller than threshold (5)
WARNING: [Synth 8-6014] Unused sequential element left_reg was removed.  [D:/lalala/ElectricPasswordLock/ElectricPasswordLock.srcs/sources_1/new/Lock.v:132]
INFO: [Synth 8-5544] ROM "step" won't be mapped to Block RAM because address size (3) smaller than threshold (5)
INFO: [Synth 8-5544] ROM "step" won't be mapped to Block RAM because address size (3) smaller than threshold (5)
INFO: [Synth 8-5544] ROM "step" won't be mapped to Block RAM because address size (3) smaller than threshold (5)
INFO: [Synth 8-5544] ROM "step" won't be mapped to Block RAM because address size (3) smaller than threshold (5)
INFO: [Synth 8-5544] ROM "step" won't be mapped to Block RAM because address size (3) smaller than threshold (5)
INFO: [Synth 8-5544] ROM "step" won't be mapped to Block RAM because address size (3) smaller than threshold (5)
INFO: [Synth 8-5544] ROM "step" won't be mapped to Block RAM because address size (3) smaller than threshold (5)
INFO: [Synth 8-5544] ROM "step" won't be mapped to Block RAM because address size (3) smaller than threshold (5)
WARNING: [Synth 8-327] inferring latch for variable 'out_reg' [D:/lalala/ElectricPasswordLock/ElectricPasswordLock.srcs/sources_1/new/Lock.v:27]
---------------------------------------------------------------------------------
Finished RTL Optimization Phase 2 : Time (s): cpu = 00:00:21 ; elapsed = 00:00:23 . Memory (MB): peak = 640.434 ; gain = 414.262
---------------------------------------------------------------------------------

Report RTL Partitions: 
+-+--------------+------------+----------+
| |RTL Partition |Replication |Instances |
+-+--------------+------------+----------+
+-+--------------+------------+----------+
---------------------------------------------------------------------------------
Start RTL Component Statistics 
---------------------------------------------------------------------------------
Detailed RTL Component Info : 
+---Adders : 
	   2 Input     14 Bit       Adders := 1     
	   2 Input      6 Bit       Adders := 1     
	   2 Input      3 Bit       Adders := 2     
+---Registers : 
	                8 Bit    Registers := 2     
	                4 Bit    Registers := 1     
	                3 Bit    Registers := 2     
	                1 Bit    Registers := 5     
+---RAMs : 
	               12 Bit         RAMs := 1     
+---Muxes : 
	   2 Input     14 Bit        Muxes := 6     
	   2 Input      6 Bit        Muxes := 12    
	   2 Input      3 Bit        Muxes := 5     
	  11 Input      1 Bit        Muxes := 1     
	   8 Input      1 Bit        Muxes := 2     
	   2 Input      1 Bit        Muxes := 45    
---------------------------------------------------------------------------------
Finished RTL Component Statistics 
---------------------------------------------------------------------------------
---------------------------------------------------------------------------------
Start RTL Hierarchical Component Statistics 
---------------------------------------------------------------------------------
Hierarchical RTL Component report 
Module Lock 
Detailed RTL Component Info : 
+---Adders : 
	   2 Input     14 Bit       Adders := 1     
	   2 Input      6 Bit       Adders := 1     
	   2 Input      3 Bit       Adders := 1     
+---Registers : 
	                8 Bit    Registers := 1     
	                3 Bit    Registers := 1     
	                1 Bit    Registers := 5     
+---RAMs : 
	               12 Bit         RAMs := 1     
+---Muxes : 
	   2 Input     14 Bit        Muxes := 6     
	   2 Input      6 Bit        Muxes := 12    
	   2 Input      3 Bit        Muxes := 5     
	   2 Input      1 Bit        Muxes := 45    
	   8 Input      1 Bit        Muxes := 1     
Module translator 
Detailed RTL Component Info : 
+---Muxes : 
	  11 Input      1 Bit        Muxes := 1     
Module display 
Detailed RTL Component Info : 
+---Adders : 
	   2 Input      3 Bit       Adders := 1     
+---Registers : 
	                8 Bit    Registers := 1     
	                4 Bit    Registers := 1     
	                3 Bit    Registers := 1     
+---Muxes : 
	   8 Input      1 Bit        Muxes := 1     
---------------------------------------------------------------------------------
Finished RTL Hierarchical Component Statistics
---------------------------------------------------------------------------------
---------------------------------------------------------------------------------
Start Part Resource Summary
---------------------------------------------------------------------------------
Part Resources:
DSPs: 90 (col length:60)
BRAMs: 100 (col length: RAMB18 60 RAMB36 30)
---------------------------------------------------------------------------------
Finished Part Resource Summary
---------------------------------------------------------------------------------
---------------------------------------------------------------------------------
Start Cross Boundary and Area Optimization
---------------------------------------------------------------------------------
WARNING: [Synth 8-6014] Unused sequential element left_reg was removed.  [D:/lalala/ElectricPasswordLock/ElectricPasswordLock.srcs/sources_1/new/Lock.v:132]
INFO: [Synth 8-3886] merging instance 'd/sel_reg[2]' (FD) to 'd/sel_reg[6]'
INFO: [Synth 8-3886] merging instance 'd/sel_reg[3]' (FD) to 'd/sel_reg[6]'
INFO: [Synth 8-3886] merging instance 'd/sel_reg[4]' (FD) to 'd/sel_reg[6]'
INFO: [Synth 8-3886] merging instance 'd/sel_reg[5]' (FD) to 'd/sel_reg[6]'
INFO: [Synth 8-3333] propagating constant 0 across sequential element (\d/sel_reg[6] )
WARNING: [Synth 8-3332] Sequential element (d/sel_reg[6]) is unused and will be removed from module Lock.
---------------------------------------------------------------------------------
Finished Cross Boundary and Area Optimization : Time (s): cpu = 00:00:24 ; elapsed = 00:00:25 . Memory (MB): peak = 640.434 ; gain = 414.262
---------------------------------------------------------------------------------
---------------------------------------------------------------------------------
Start ROM, RAM, DSP and Shift Register Reporting
---------------------------------------------------------------------------------

Distributed RAM: Preliminary Mapping  Report (see note below)
+------------+------------+-----------+----------------------+--------------+
|Module Name | RTL Object | Inference | Size (Depth x Width) | Primitives   | 
+------------+------------+-----------+----------------------+--------------+
|Lock        | p_reg      | Implied   | 4 x 3                | RAM32M x 1   | 
+------------+------------+-----------+----------------------+--------------+

Note: The table above is a preliminary report that shows the Distributed RAMs at the current stage of the synthesis flow. Some Distributed RAMs may be reimplemented as non Distributed RAM primitives later in the synthesis flow. Multiple instantiated RAMs are reported only once.
---------------------------------------------------------------------------------
Finished ROM, RAM, DSP and Shift Register Reporting
---------------------------------------------------------------------------------

Report RTL Partitions: 
+-+--------------+------------+----------+
| |RTL Partition |Replication |Instances |
+-+--------------+------------+----------+
+-+--------------+------------+----------+
---------------------------------------------------------------------------------
Start Applying XDC Timing Constraints
---------------------------------------------------------------------------------
---------------------------------------------------------------------------------
Finished Applying XDC Timing Constraints : Time (s): cpu = 00:00:42 ; elapsed = 00:00:44 . Memory (MB): peak = 640.434 ; gain = 414.262
---------------------------------------------------------------------------------
---------------------------------------------------------------------------------
Start Timing Optimization
---------------------------------------------------------------------------------
---------------------------------------------------------------------------------
Finished Timing Optimization : Time (s): cpu = 00:00:42 ; elapsed = 00:00:44 . Memory (MB): peak = 640.434 ; gain = 414.262
---------------------------------------------------------------------------------

Report RTL Partitions: 
+-+--------------+------------+----------+
| |RTL Partition |Replication |Instances |
+-+--------------+------------+----------+
+-+--------------+------------+----------+
---------------------------------------------------------------------------------
Start Technology Mapping
---------------------------------------------------------------------------------
---------------------------------------------------------------------------------
Finished Technology Mapping : Time (s): cpu = 00:00:42 ; elapsed = 00:00:44 . Memory (MB): peak = 640.434 ; gain = 414.262
---------------------------------------------------------------------------------

Report RTL Partitions: 
+-+--------------+------------+----------+
| |RTL Partition |Replication |Instances |
+-+--------------+------------+----------+
+-+--------------+------------+----------+
---------------------------------------------------------------------------------
Start IO Insertion
---------------------------------------------------------------------------------
---------------------------------------------------------------------------------
Start Flattening Before IO Insertion
---------------------------------------------------------------------------------
---------------------------------------------------------------------------------
Finished Flattening Before IO Insertion
---------------------------------------------------------------------------------
---------------------------------------------------------------------------------
Start Final Netlist Cleanup
---------------------------------------------------------------------------------
---------------------------------------------------------------------------------
Finished Final Netlist Cleanup
---------------------------------------------------------------------------------
---------------------------------------------------------------------------------
Finished IO Insertion : Time (s): cpu = 00:00:44 ; elapsed = 00:00:45 . Memory (MB): peak = 640.434 ; gain = 414.262
---------------------------------------------------------------------------------

Report Check Netlist: 
+------+------------------+-------+---------+-------+------------------+
|      |Item              |Errors |Warnings |Status |Description       |
+------+------------------+-------+---------+-------+------------------+
|1     |multi_driven_nets |      0|        0|Passed |Multi driven nets |
+------+------------------+-------+---------+-------+------------------+
---------------------------------------------------------------------------------
Start Renaming Generated Instances
---------------------------------------------------------------------------------
---------------------------------------------------------------------------------
Finished Renaming Generated Instances : Time (s): cpu = 00:00:44 ; elapsed = 00:00:45 . Memory (MB): peak = 640.434 ; gain = 414.262
---------------------------------------------------------------------------------

Report RTL Partitions: 
+-+--------------+------------+----------+
| |RTL Partition |Replication |Instances |
+-+--------------+------------+----------+
+-+--------------+------------+----------+
---------------------------------------------------------------------------------
Start Rebuilding User Hierarchy
---------------------------------------------------------------------------------
---------------------------------------------------------------------------------
Finished Rebuilding User Hierarchy : Time (s): cpu = 00:00:44 ; elapsed = 00:00:45 . Memory (MB): peak = 640.434 ; gain = 414.262
---------------------------------------------------------------------------------
---------------------------------------------------------------------------------
Start Renaming Generated Ports
---------------------------------------------------------------------------------
---------------------------------------------------------------------------------
Finished Renaming Generated Ports : Time (s): cpu = 00:00:44 ; elapsed = 00:00:45 . Memory (MB): peak = 640.434 ; gain = 414.262
---------------------------------------------------------------------------------
---------------------------------------------------------------------------------
Start Handling Custom Attributes
---------------------------------------------------------------------------------
---------------------------------------------------------------------------------
Finished Handling Custom Attributes : Time (s): cpu = 00:00:44 ; elapsed = 00:00:45 . Memory (MB): peak = 640.434 ; gain = 414.262
---------------------------------------------------------------------------------
---------------------------------------------------------------------------------
Start Renaming Generated Nets
---------------------------------------------------------------------------------
---------------------------------------------------------------------------------
Finished Renaming Generated Nets : Time (s): cpu = 00:00:44 ; elapsed = 00:00:45 . Memory (MB): peak = 640.434 ; gain = 414.262
---------------------------------------------------------------------------------
---------------------------------------------------------------------------------
Start Writing Synthesis Report
---------------------------------------------------------------------------------

Report BlackBoxes: 
+-+--------------+----------+
| |BlackBox name |Instances |
+-+--------------+----------+
+-+--------------+----------+

Report Cell Usage: 
+------+-------+------+
|      |Cell   |Count |
+------+-------+------+
|1     |BUFG   |     1|
|2     |CARRY4 |    17|
|3     |LUT1   |    17|
|4     |LUT2   |    42|
|5     |LUT3   |    18|
|6     |LUT4   |    46|
|7     |LUT5   |    20|
|8     |LUT6   |    56|
|9     |RAM32M |     1|
|10    |FDRE   |    47|
|11    |LD     |     8|
|12    |IBUF   |     8|
|13    |OBUF   |    27|
+------+-------+------+

Report Instance Areas: 
+------+---------+-----------+------+
|      |Instance |Module     |Cells |
+------+---------+-----------+------+
|1     |top      |           |   308|
|2     |  d      |display    |    89|
|3     |    t    |translator |    16|
+------+---------+-----------+------+
---------------------------------------------------------------------------------
Finished Writing Synthesis Report : Time (s): cpu = 00:00:44 ; elapsed = 00:00:45 . Memory (MB): peak = 640.434 ; gain = 414.262
---------------------------------------------------------------------------------
Synthesis finished with 0 errors, 0 critical warnings and 4 warnings.
Synthesis Optimization Runtime : Time (s): cpu = 00:00:28 ; elapsed = 00:00:36 . Memory (MB): peak = 640.434 ; gain = 120.125
Synthesis Optimization Complete : Time (s): cpu = 00:00:44 ; elapsed = 00:00:46 . Memory (MB): peak = 640.434 ; gain = 414.262
INFO: [Project 1-571] Translating synthesized netlist
INFO: [Netlist 29-17] Analyzing 34 Unisim elements for replacement
INFO: [Netlist 29-28] Unisim Transformation completed in 0 CPU seconds
INFO: [Project 1-570] Preparing netlist for logic optimization
INFO: [Opt 31-138] Pushed 0 inverter(s) to 0 load pin(s).
INFO: [Project 1-111] Unisim Transformation Summary:
  A total of 9 instances were transformed.
  LD => LDCE: 8 instances
  RAM32M => RAM32M (RAMD32, RAMD32, RAMD32, RAMD32, RAMD32, RAMD32, RAMS32, RAMS32): 1 instances

37 Infos, 41 Warnings, 0 Critical Warnings and 0 Errors encountered.
synth_design completed successfully
synth_design: Time (s): cpu = 00:00:47 ; elapsed = 00:00:50 . Memory (MB): peak = 640.434 ; gain = 418.195
INFO: [Common 17-1381] The checkpoint 'D:/lalala/ElectricPasswordLock/ElectricPasswordLock.runs/synth_1/Lock.dcp' has been generated.
report_utilization: Time (s): cpu = 00:00:00 ; elapsed = 00:00:00.035 . Memory (MB): peak = 640.434 ; gain = 0.000
INFO: [Common 17-206] Exiting Vivado at Thu Jun 22 21:00:25 2017...
