Unable to capture context for thread 14108 in process 10780, can not generate back trace
Unable to capture context for thread 1392 in process 10780, can not generate back trace
Unable to capture context for thread 9444 in process 10780, can not generate back trace
Exception at PC 0x00007FF8AFD5BB93
Printing stacktrace...

Exception at PC 0x00007FF91F839E08
Exception at PC 0x00007FF91F839E08
Exception at PC 0x00007FF91F839E08
Exception at PC 0x00007FF91F839E08
Exception at PC 0x00007FF91F839E08
Exception at PC 0x00007FF91F839E08
Exception at PC 0x00007FF91F839E08
Exception at PC 0x00007FF91F839E08
Exception at PC 0x00007FF91F839E08
Exception at PC 0x00007FF91F839E08
Exception at PC 0x00007FF91F839E08
Exception at PC 0x00007FF91F839E08
Exception at PC 0x00007FF91F839E08
Exception at PC 0x00007FF91F839E08
Exception at PC 0x00007FF91F839E08
Exception at PC 0x00007FF91F839E08
Exception at PC 0x00007FF91F839E08
Exception at PC 0x00007FF91F839E08
[0]  [0x00007FF8AFD5BB93]
[1]  [0x00007FF8AFD5BB93]
[2]  [0x00007FF8AFD5B4A1]
[3]  [0x00007FF8AFD5B3EF]
[4]  [0x00007FF8AFD419FE]
[5]  [0x00007FF8AFD40ED1]
[6]  [0x00007FF8AFD40D76]
[7]  [0x00007FF8AFCE79F6]
[8]  [0x00007FF8AFCD7AFB]
[9]  [0x00007FF8AFDFE90A]
[10]  [0x00007FF8AFE19F87]
[11]  [0x00007FF8AFE1A05F]
[12] (BaseThreadInitThunk+0x14) [0x00007FF922822774]
[13] (RtlUserThreadStart+0x21) [0x00007FF922B10D61]
Done
Exception at PC 0x00007FF8AFA61A52
Attemped to write at address 0x00007FF8F5479BA4
Printing stacktrace...

[0]  [0x00007FF8AFA61A52]
[1]  [0x00007FF8AFA61A52]
[2]  [0x00007FF8AFA61AD4]
[3]  [0x00007FF8AFBA3FF7]
[4]  [0x00007FF8AFA89128]
[5]  [0x00007FF8AFD3DFB9]
[6]  [0x00007FF8AFF0EF23]
[7]  [0x00007FF8AFE1B06B]
[8]  [0x00007FF8AFE108AF]
[9]  [0x00007FF8AFE10A32]
[10] (RtlDeactivateActivationContextUnsafeFast+0x1af) [0x00007FF922AC486F]
[11] (LdrShutdownProcess+0x12c) [0x00007FF922AED44C]
[12] (RtlExitUserProcess+0xb4) [0x00007FF922AED304]
[13] (FatalExit+0xa) [0x00007FF92282C0DA]
[14] (exit+0x75) [0x00007FF9202FA045]
[15] (initterm_e+0x21d) [0x00007FF9202FA68D]
[16]  [0x00000000004014CD]
[17]  [0x000000000040151B]
[18] (BaseThreadInitThunk+0x14) [0x00007FF922822774]
[19] (RtlUserThreadStart+0x21) [0x00007FF922B10D61]
Done
